# JRE version: OpenJDK Runtime Environment (11.0.15) (build 11.0.15+0-b2043.56-9505619)
# Java VM: OpenJDK 64-Bit Server VM (11.0.15+0-b2043.56-9505619, mixed mode, tiered, compressed oops, g1 gc, windows-amd64)
Heap:
 garbage-first heap   total 880640K, used 119901K [0x00000000a0000000, 0x0000000100000000)
  region size 1024K, 1 young (1024K), 1 survivors (1024K)
 Metaspace       used 110641K, capacity 113606K, committed 114128K, reserved 1148928K
  class space    used 13962K, capacity 15069K, committed 15232K, reserved 1048576K
GC Heap History (20 events):
Event: 463.464 GC heap after
{Heap after GC invocations=113 (full 0):
 garbage-first heap   total 318464K, used 248855K [0x00000000a0000000, 0x0000000100000000)
  region size 1024K, 4 young (4096K), 4 survivors (4096K)
 Metaspace       used 110445K, capacity 113435K, committed 113872K, reserved 1148928K
  class space    used 13939K, capacity 15073K, committed 15232K, reserved 1048576K
}
Event: 464.277 GC heap before
{Heap before GC invocations=113 (full 0):
 garbage-first heap   total 318464K, used 279575K [0x00000000a0000000, 0x0000000100000000)
  region size 1024K, 34 young (34816K), 4 survivors (4096K)
 Metaspace       used 110445K, capacity 113435K, committed 113872K, reserved 1148928K
  class space    used 13939K, capacity 15073K, committed 15232K, reserved 1048576K
}
Event: 464.282 GC heap after
{Heap after GC invocations=114 (full 0):
 garbage-first heap   total 318464K, used 249805K [0x00000000a0000000, 0x0000000100000000)
  region size 1024K, 4 young (4096K), 4 survivors (4096K)
 Metaspace       used 110445K, capacity 113435K, committed 113872K, reserved 1148928K
  class space    used 13939K, capacity 15073K, committed 15232K, reserved 1048576K
}
Event: 464.828 GC heap before
{Heap before GC invocations=114 (full 0):
 garbage-first heap   total 385024K, used 346061K [0x00000000a0000000, 0x0000000100000000)
  region size 1024K, 34 young (34816K), 4 survivors (4096K)
 Metaspace       used 110445K, capacity 113435K, committed 113872K, reserved 1148928K
  class space    used 13939K, capacity 15073K, committed 15232K, reserved 1048576K
}
Event: 464.836 GC heap after
{Heap after GC invocations=115 (full 0):
 garbage-first heap   total 385024K, used 318533K [0x00000000a0000000, 0x0000000100000000)
  region size 1024K, 5 young (5120K), 5 survivors (5120K)
 Metaspace       used 110445K, capacity 113435K, committed 113872K, reserved 1148928K
  class space    used 13939K, capacity 15073K, committed 15232K, reserved 1048576K
}
Event: 464.899 GC heap before
{Heap before GC invocations=115 (full 0):
 garbage-first heap   total 385024K, used 339013K [0x00000000a0000000, 0x0000000100000000)
  region size 1024K, 26 young (26624K), 5 survivors (5120K)
 Metaspace       used 110445K, capacity 113435K, committed 113872K, reserved 1148928K
  class space    used 13939K, capacity 15073K, committed 15232K, reserved 1048576K
}
Event: 464.932 GC heap after
{Heap after GC invocations=116 (full 0):
 garbage-first heap   total 385024K, used 286316K [0x00000000a0000000, 0x0000000100000000)
  region size 1024K, 2 young (2048K), 2 survivors (2048K)
 Metaspace       used 110445K, capacity 113435K, committed 113872K, reserved 1148928K
  class space    used 13939K, capacity 15073K, committed 15232K, reserved 1048576K
}
Event: 465.322 GC heap before
{Heap before GC invocations=116 (full 0):
 garbage-first heap   total 418816K, used 370284K [0x00000000a0000000, 0x0000000100000000)
  region size 1024K, 51 young (52224K), 2 survivors (2048K)
 Metaspace       used 110445K, capacity 113435K, committed 113872K, reserved 1148928K
  class space    used 13939K, capacity 15073K, committed 15232K, reserved 1048576K
}
Event: 465.326 GC heap after
{Heap after GC invocations=117 (full 0):
 garbage-first heap   total 418816K, used 319969K [0x00000000a0000000, 0x0000000100000000)
  region size 1024K, 2 young (2048K), 2 survivors (2048K)
 Metaspace       used 110445K, capacity 113435K, committed 113872K, reserved 1148928K
  class space    used 13939K, capacity 15073K, committed 15232K, reserved 1048576K
}
Event: 465.568 GC heap before
{Heap before GC invocations=117 (full 0):
 garbage-first heap   total 418816K, used 369121K [0x00000000a0000000, 0x0000000100000000)
  region size 1024K, 50 young (51200K), 2 survivors (2048K)
 Metaspace       used 110446K, capacity 113435K, committed 113872K, reserved 1148928K
  class space    used 13939K, capacity 15073K, committed 15232K, reserved 1048576K
}
Event: 465.572 GC heap after
{Heap after GC invocations=118 (full 0):
 garbage-first heap   total 418816K, used 320821K [0x00000000a0000000, 0x0000000100000000)
  region size 1024K, 3 young (3072K), 3 survivors (3072K)
 Metaspace       used 110446K, capacity 113435K, committed 113872K, reserved 1148928K
  class space    used 13939K, capacity 15073K, committed 15232K, reserved 1048576K
}
Event: 466.460 GC heap before
{Heap before GC invocations=118 (full 0):
 garbage-first heap   total 418816K, used 368949K [0x00000000a0000000, 0x0000000100000000)
  region size 1024K, 50 young (51200K), 3 survivors (3072K)
 Metaspace       used 110450K, capacity 113442K, committed 113872K, reserved 1148928K
  class space    used 13940K, capacity 15074K, committed 15232K, reserved 1048576K
}
Event: 466.570 GC heap after
{Heap after GC invocations=119 (full 0):
 garbage-first heap   total 418816K, used 322222K [0x00000000a0000000, 0x0000000100000000)
  region size 1024K, 4 young (4096K), 4 survivors (4096K)
 Metaspace       used 110450K, capacity 113442K, committed 113872K, reserved 1148928K
  class space    used 13940K, capacity 15074K, committed 15232K, reserved 1048576K
}
Event: 470.576 GC heap before
{Heap before GC invocations=120 (full 0):
 garbage-first heap   total 418816K, used 357038K [0x00000000a0000000, 0x0000000100000000)
  region size 1024K, 39 young (39936K), 4 survivors (4096K)
 Metaspace       used 110500K, capacity 113463K, committed 113872K, reserved 1148928K
  class space    used 13948K, capacity 15077K, committed 15232K, reserved 1048576K
}
Event: 470.651 GC heap after
{Heap after GC invocations=121 (full 0):
 garbage-first heap   total 418816K, used 321596K [0x00000000a0000000, 0x0000000100000000)
  region size 1024K, 3 young (3072K), 3 survivors (3072K)
 Metaspace       used 110500K, capacity 113463K, committed 113872K, reserved 1148928K
  class space    used 13948K, capacity 15077K, committed 15232K, reserved 1048576K
}
Event: 472.805 GC heap before
{Heap before GC invocations=121 (full 0):
 garbage-first heap   total 418816K, used 365628K [0x00000000a0000000, 0x0000000100000000)
  region size 1024K, 45 young (46080K), 3 survivors (3072K)
 Metaspace       used 110677K, capacity 113663K, committed 114128K, reserved 1148928K
  class space    used 13968K, capacity 15079K, committed 15232K, reserved 1048576K
}
Event: 472.820 GC heap after
{Heap after GC invocations=122 (full 0):
 garbage-first heap   total 418816K, used 324099K [0x00000000a0000000, 0x0000000100000000)
  region size 1024K, 4 young (4096K), 4 survivors (4096K)
 Metaspace       used 110677K, capacity 113663K, committed 114128K, reserved 1148928K
  class space    used 13968K, capacity 15079K, committed 15232K, reserved 1048576K
}
Event: 480.456 GC heap before
{Heap before GC invocations=122 (full 0):
 garbage-first heap   total 418816K, used 199171K [0x00000000a0000000, 0x0000000100000000)
  region size 1024K, 46 young (47104K), 4 survivors (4096K)
 Metaspace       used 110641K, capacity 113606K, committed 114128K, reserved 1148928K
  class space    used 13962K, capacity 15069K, committed 15232K, reserved 1048576K
}
Event: 484.685 GC heap after
{Heap after GC invocations=123 (full 0):
 garbage-first heap   total 418816K, used 120337K [0x00000000a0000000, 0x0000000100000000)
  region size 1024K, 2 young (2048K), 2 survivors (2048K)
 Metaspace       used 110641K, capacity 113606K, committed 114128K, reserved 1148928K
  class space    used 13962K, capacity 15069K, committed 15232K, reserved 1048576K
}
Event: 486.610 GC heap before
{Heap before GC invocations=124 (full 0):
 garbage-first heap   total 418816K, used 138769K [0x00000000a0000000, 0x0000000100000000)
  region size 1024K, 20 young (20480K), 2 survivors (2048K)
 Metaspace       used 110641K, capacity 113606K, committed 114128K, reserved 1148928K
  class space    used 13962K, capacity 15069K, committed 15232K, reserved 1048576K
}

